GeoSys-OUT: Output ------------------------------------------------
#OUTPUT // profile
 $PCS_TYPE
  GROUNDWATER_FLOW
 $NOD_VALUES
  HEAD
  VELOCITY_X1
  VELOCITY_Y1
  VELOCITY_Z1
 $GEO_TYPE
  DOMAIN
 $DAT_TYPE
  TECPLOT
 $TIM_TYPE
 1
 10
 100
 500
 100
2192 
2193
2202
2212
2242
2292
2342
2392
2492
2692
2992
3192
3285
#OUTPUT // profile
 $PCS_TYPE
  GROUNDWATER_FLOW
 $NOD_VALUES
  HEAD
  VELOCITY_X1
  VELOCITY_Y1
  VELOCITY_Z1  
 $GEO_TYPE
  DOMAIN
 $DAT_TYPE
  VTK
 $TIM_TYPE
 1
 10
 100
 500
 100 
 2192
2193
2202
2212
2242
2292
2342
2392
2492
2692
2992
3192
3285
#OUTPUT // profile
 $PCS_TYPE
  GROUNDWATER_FLOW
 $NOD_VALUES
  HEAD
  VELOCITY_X1
  VELOCITY_Y1
  VELOCITY_Z1  
 $GEO_TYPE
  POINT POINT0
 $DAT_TYPE
  TECPLOT
 $TIM_TYPE
 STEPS 1
#STOP

